2022-11-16 08:32:38.057  INFO 1992 --- [main] c.e.f.FirstSwingAppApplication           : Starting FirstSwingAppApplication using Java 17 on LAPTOP-1Q9Q47HL with PID 1992 (D:\DS\Assignment 1\DS2022_30443_Andreica_Paul_Assignment_1_Backend\target\classes started by darius.andreica in D:\DS\Assignment 1\DS2022_30443_Andreica_Paul_Assignment_1_Backend)
2022-11-16 08:32:38.063  INFO 1992 --- [main] c.e.f.FirstSwingAppApplication           : No active profile set, falling back to 1 default profile: "default"
2022-11-16 08:32:39.388  INFO 1992 --- [main] .s.d.r.c.RepositoryConfigurationDelegate : Bootstrapping Spring Data JPA repositories in DEFAULT mode.
2022-11-16 08:32:39.505  INFO 1992 --- [main] .s.d.r.c.RepositoryConfigurationDelegate : Finished Spring Data repository scanning in 102 ms. Found 3 JPA repository interfaces.
2022-11-16 08:32:40.608  INFO 1992 --- [main] o.s.b.w.embedded.tomcat.TomcatWebServer  : Tomcat initialized with port(s): 8080 (http)
2022-11-16 08:32:40.618  INFO 1992 --- [main] o.apache.catalina.core.StandardService   : Starting service [Tomcat]
2022-11-16 08:32:40.619  INFO 1992 --- [main] org.apache.catalina.core.StandardEngine  : Starting Servlet engine: [Apache Tomcat/9.0.58]
2022-11-16 08:32:40.766  INFO 1992 --- [main] o.a.c.c.C.[Tomcat].[localhost].[/]       : Initializing Spring embedded WebApplicationContext
2022-11-16 08:32:40.767  INFO 1992 --- [main] w.s.c.ServletWebServerApplicationContext : Root WebApplicationContext: initialization completed in 2616 ms
2022-11-16 08:32:41.095  INFO 1992 --- [main] o.hibernate.jpa.internal.util.LogHelper  : HHH000204: Processing PersistenceUnitInfo [name: default]
2022-11-16 08:32:41.161  INFO 1992 --- [main] org.hibernate.Version                    : HHH000412: Hibernate ORM core version 5.6.5.Final
2022-11-16 08:32:41.343  INFO 1992 --- [main] o.hibernate.annotations.common.Version   : HCANN000001: Hibernate Commons Annotations {5.1.2.Final}
2022-11-16 08:32:41.464  INFO 1992 --- [main] com.zaxxer.hikari.HikariDataSource       : HikariPool-1 - Starting...
2022-11-16 08:32:41.844  INFO 1992 --- [main] com.zaxxer.hikari.HikariDataSource       : HikariPool-1 - Start completed.
2022-11-16 08:32:41.911  INFO 1992 --- [main] org.hibernate.dialect.Dialect            : HHH000400: Using dialect: org.hibernate.dialect.PostgreSQL10Dialect
2022-11-16 08:32:43.144  INFO 1992 --- [main] o.h.e.t.j.p.i.JtaPlatformInitiator       : HHH000490: Using JtaPlatform implementation: [org.hibernate.engine.transaction.jta.platform.internal.NoJtaPlatform]
2022-11-16 08:32:43.158  INFO 1992 --- [main] j.LocalContainerEntityManagerFactoryBean : Initialized JPA EntityManagerFactory for persistence unit 'default'
2022-11-16 08:32:43.814  WARN 1992 --- [main] JpaBaseConfiguration$JpaWebConfiguration : spring.jpa.open-in-view is enabled by default. Therefore, database queries may be performed during view rendering. Explicitly configure spring.jpa.open-in-view to disable this warning
2022-11-16 08:32:44.705  INFO 1992 --- [main] o.s.b.a.e.web.EndpointLinksResolver      : Exposing 14 endpoint(s) beneath base path '/actuator'
2022-11-16 08:32:44.762  INFO 1992 --- [main] o.s.s.web.DefaultSecurityFilterChain     : Will not secure any request
2022-11-16 08:32:45.177  INFO 1992 --- [main] o.s.b.w.embedded.tomcat.TomcatWebServer  : Tomcat started on port(s): 8080 (http) with context path ''
2022-11-16 08:32:45.194  INFO 1992 --- [main] c.e.f.FirstSwingAppApplication           : Started FirstSwingAppApplication in 7.668 seconds (JVM running for 9.199)
2022-11-16 08:32:45.658  INFO 1992 --- [RMI TCP Connection(1)-192.168.128.1] o.a.c.c.C.[Tomcat].[localhost].[/]       : Initializing Spring DispatcherServlet 'dispatcherServlet'
2022-11-16 08:32:45.659  INFO 1992 --- [RMI TCP Connection(1)-192.168.128.1] o.s.web.servlet.DispatcherServlet        : Initializing Servlet 'dispatcherServlet'
2022-11-16 08:32:45.660  INFO 1992 --- [RMI TCP Connection(1)-192.168.128.1] o.s.web.servlet.DispatcherServlet        : Completed initialization in 1 ms
2022-11-16 08:42:20.518  INFO 1992 --- [http-nio-8080-exec-2] c.e.f.security.jwt.JwtTokenService       :  PaulAdmin has successfully logged in!
2022-11-16 08:42:20.628  INFO 1992 --- [http-nio-8080-exec-4] c.e.f.s.jwt.JwtAuthenticationFilter      : Authentication successful. Logged in username : PaulAdmin 
2022-11-16 08:42:23.067  INFO 1992 --- [http-nio-8080-exec-5] c.e.f.s.jwt.JwtAuthenticationFilter      : Authentication successful. Logged in username : PaulAdmin 
2022-11-16 08:42:23.084  INFO 1992 --- [http-nio-8080-exec-9] c.e.f.s.jwt.JwtAuthenticationFilter      : Authentication successful. Logged in username : PaulAdmin 
2022-11-16 08:42:23.094  INFO 1992 --- [http-nio-8080-exec-8] c.e.f.s.jwt.JwtAuthenticationFilter      : Authentication successful. Logged in username : PaulAdmin 
2022-11-16 08:42:29.124  INFO 1992 --- [http-nio-8080-exec-1] c.e.f.s.jwt.JwtAuthenticationFilter      : Authentication successful. Logged in username : PaulAdmin 
2022-11-16 08:42:32.912  INFO 1992 --- [http-nio-8080-exec-2] c.e.f.s.jwt.JwtAuthenticationFilter      : Authentication successful. Logged in username : PaulAdmin 
2022-11-16 08:42:39.813  INFO 1992 --- [http-nio-8080-exec-4] c.e.f.s.jwt.JwtAuthenticationFilter      : Authentication successful. Logged in username : PaulAdmin 
2022-11-16 08:42:44.342  INFO 1992 --- [http-nio-8080-exec-6] c.e.f.s.jwt.JwtAuthenticationFilter      : Authentication successful. Logged in username : PaulAdmin 
2022-11-16 08:42:48.244  INFO 1992 --- [http-nio-8080-exec-5] c.e.f.s.jwt.JwtAuthenticationFilter      : Authentication successful. Logged in username : PaulAdmin 
2022-11-16 08:42:53.281  INFO 1992 --- [http-nio-8080-exec-8] c.e.f.s.jwt.JwtAuthenticationFilter      : Authentication successful. Logged in username : PaulAdmin 
2022-11-16 08:44:16.293  INFO 1992 --- [http-nio-8080-exec-2] c.e.f.security.jwt.JwtTokenService       :  PaulAdmin has successfully logged in!
2022-11-16 08:44:16.372  INFO 1992 --- [http-nio-8080-exec-3] c.e.f.s.jwt.JwtAuthenticationFilter      : Authentication successful. Logged in username : PaulAdmin 
2022-11-16 08:44:51.236  INFO 1992 --- [http-nio-8080-exec-4] c.e.f.s.jwt.JwtAuthenticationFilter      : Authentication successful. Logged in username : PaulAdmin 
2022-11-16 09:18:25.285  INFO 1992 --- [http-nio-8080-exec-5] c.e.f.security.jwt.JwtTokenService       :  PaulAdmin has successfully logged in!
2022-11-16 09:18:25.410  INFO 1992 --- [http-nio-8080-exec-10] c.e.f.s.jwt.JwtAuthenticationFilter      : Authentication successful. Logged in username : PaulAdmin 
2022-11-16 09:18:32.507  INFO 1992 --- [http-nio-8080-exec-1] c.e.f.s.jwt.JwtAuthenticationFilter      : Authentication successful. Logged in username : PaulAdmin 
2022-11-16 09:18:35.904  INFO 1992 --- [http-nio-8080-exec-2] c.e.f.s.jwt.JwtAuthenticationFilter      : Authentication successful. Logged in username : PaulAdmin 
2022-11-16 09:18:39.362  INFO 1992 --- [http-nio-8080-exec-4] c.e.f.s.jwt.JwtAuthenticationFilter      : Authentication successful. Logged in username : PaulAdmin 
2022-11-16 09:18:39.397  INFO 1992 --- [http-nio-8080-exec-6] c.e.f.s.jwt.JwtAuthenticationFilter      : Authentication successful. Logged in username : PaulAdmin 
2022-11-16 09:18:57.517  INFO 1992 --- [http-nio-8080-exec-5] c.e.f.security.service.UserServiceImpl   : Paul234 registered successfully!
2022-11-16 09:18:57.630  INFO 1992 --- [http-nio-8080-exec-8] c.e.f.security.jwt.JwtTokenService       :  Paul234 has successfully logged in!
2022-11-16 09:18:57.642  INFO 1992 --- [http-nio-8080-exec-10] c.e.f.s.jwt.JwtAuthenticationFilter      : Authentication successful. Logged in username : Paul234 
2022-11-16 09:19:47.705  INFO 1992 --- [http-nio-8080-exec-9] c.e.f.s.jwt.JwtAuthenticationFilter      : Authentication successful. Logged in username : Paul234 
2022-11-16 09:19:47.737  INFO 1992 --- [http-nio-8080-exec-3] c.e.f.s.jwt.JwtAuthenticationFilter      : Authentication successful. Logged in username : Paul234 
2022-11-16 09:19:47.753  INFO 1992 --- [http-nio-8080-exec-4] c.e.f.s.jwt.JwtAuthenticationFilter      : Authentication successful. Logged in username : Paul234 
2022-11-16 09:19:59.821  INFO 1992 --- [http-nio-8080-exec-7] c.e.f.s.jwt.JwtAuthenticationFilter      : Authentication successful. Logged in username : Paul234 
2022-11-16 09:19:59.837  INFO 1992 --- [http-nio-8080-exec-5] c.e.f.s.jwt.JwtAuthenticationFilter      : Authentication successful. Logged in username : Paul234 
2022-11-16 09:20:01.491  INFO 1992 --- [http-nio-8080-exec-8] c.e.f.s.jwt.JwtAuthenticationFilter      : Authentication successful. Logged in username : Paul234 
2022-11-16 09:20:01.523  INFO 1992 --- [http-nio-8080-exec-10] c.e.f.s.jwt.JwtAuthenticationFilter      : Authentication successful. Logged in username : Paul234 
2022-11-16 09:20:10.459  INFO 1992 --- [http-nio-8080-exec-1] c.e.f.security.jwt.JwtTokenService       :  PaulAdmin has successfully logged in!
2022-11-16 09:20:10.522  INFO 1992 --- [http-nio-8080-exec-2] c.e.f.s.jwt.JwtAuthenticationFilter      : Authentication successful. Logged in username : PaulAdmin 
2022-11-16 09:20:12.266  INFO 1992 --- [http-nio-8080-exec-9] c.e.f.s.jwt.JwtAuthenticationFilter      : Authentication successful. Logged in username : PaulAdmin 
2022-11-16 09:20:12.275  INFO 1992 --- [http-nio-8080-exec-4] c.e.f.s.jwt.JwtAuthenticationFilter      : Authentication successful. Logged in username : PaulAdmin 
2022-11-16 09:20:12.295  INFO 1992 --- [http-nio-8080-exec-3] c.e.f.s.jwt.JwtAuthenticationFilter      : Authentication successful. Logged in username : PaulAdmin 
2022-11-16 09:20:37.505  INFO 1992 --- [http-nio-8080-exec-7] c.e.f.s.jwt.JwtAuthenticationFilter      : Authentication successful. Logged in username : PaulAdmin 
2022-11-16 09:20:42.026  INFO 1992 --- [http-nio-8080-exec-5] c.e.f.s.jwt.JwtAuthenticationFilter      : Authentication successful. Logged in username : PaulAdmin 
2022-11-16 09:20:46.823  INFO 1992 --- [http-nio-8080-exec-10] c.e.f.s.jwt.JwtAuthenticationFilter      : Authentication successful. Logged in username : PaulAdmin 
2022-11-16 09:21:17.281  INFO 1992 --- [http-nio-8080-exec-3] c.e.f.security.jwt.JwtTokenService       :  Paul2 has successfully logged in!
2022-11-16 09:21:17.363  INFO 1992 --- [http-nio-8080-exec-6] c.e.f.s.jwt.JwtAuthenticationFilter      : Authentication successful. Logged in username : Paul2 
2022-11-16 09:21:17.483  INFO 1992 --- [http-nio-8080-exec-5] c.e.f.s.jwt.JwtAuthenticationFilter      : Authentication successful. Logged in username : Paul2 
